[
  {
    "line": 2,
    "elements": [
      {
        "line": 4,
        "name": "",
        "description": "",
        "type": "background",
        "keyword": "Background",
        "steps": [
          {
            "result": {
              "duration": 12261500,
              "status": "skipped"
            },
            "line": 5,
            "name": "User have to launch the browser and url",
            "match": {
              "location": "StepDefnition.user_have_to_launch_the_browser_and_url()"
            },
            "keyword": "Given "
          }
        ]
      },
      {
        "before": [
          {
            "result": {
              "error_message": "org.openqa.selenium.WebDriverException: unknown error: net::ERR_CONNECTION_RESET\n  (Session info: chrome\u003d107.0.5304.107)\nBuild info: version: \u00273.141.59\u0027, revision: \u0027e82be7d358\u0027, time: \u00272018-11-14T08:17:03\u0027\nSystem info: host: \u0027DESKTOP-FE9B68H\u0027, ip: \u0027192.168.167.48\u0027, os.name: \u0027Windows 10\u0027, os.arch: \u0027amd64\u0027, os.version: \u002710.0\u0027, java.version: \u002719.0.1\u0027\nDriver info: org.openqa.selenium.chrome.ChromeDriver\nCapabilities {acceptInsecureCerts: false, browserName: chrome, browserVersion: 107.0.5304.107, chrome: {chromedriverVersion: 107.0.5304.62 (1eec40d3a576..., userDataDir: C:\\Users\\Lenovo\\AppData\\Loc...}, goog:chromeOptions: {debuggerAddress: localhost:53607}, javascriptEnabled: true, networkConnectionEnabled: false, pageLoadStrategy: normal, platform: WINDOWS, platformName: WINDOWS, proxy: Proxy(), setWindowRect: true, strictFileInteractability: false, timeouts: {implicit: 0, pageLoad: 300000, script: 30000}, unhandledPromptBehavior: dismiss and notify, webauthn:extension:credBlob: true, webauthn:extension:largeBlob: true, webauthn:virtualAuthenticators: true}\nSession ID: 8d9f6a074b545d5072a92901d36f1029\r\n\tat java.base/jdk.internal.reflect.DirectConstructorHandleAccessor.newInstance(DirectConstructorHandleAccessor.java:67)\r\n\tat java.base/java.lang.reflect.Constructor.newInstanceWithCaller(Constructor.java:500)\r\n\tat java.base/java.lang.reflect.Constructor.newInstance(Constructor.java:484)\r\n\tat org.openqa.selenium.remote.http.W3CHttpResponseCodec.createException(W3CHttpResponseCodec.java:187)\r\n\tat org.openqa.selenium.remote.http.W3CHttpResponseCodec.decode(W3CHttpResponseCodec.java:122)\r\n\tat org.openqa.selenium.remote.http.W3CHttpResponseCodec.decode(W3CHttpResponseCodec.java:49)\r\n\tat org.openqa.selenium.remote.HttpCommandExecutor.execute(HttpCommandExecutor.java:158)\r\n\tat org.openqa.selenium.remote.service.DriverCommandExecutor.execute(DriverCommandExecutor.java:83)\r\n\tat org.openqa.selenium.remote.RemoteWebDriver.execute(RemoteWebDriver.java:552)\r\n\tat org.openqa.selenium.remote.RemoteWebDriver.get(RemoteWebDriver.java:277)\r\n\tat org.stepdefnition.Hooks.bef(Hooks.java:18)\r\n\tat java.base/jdk.internal.reflect.DirectMethodHandleAccessor.invoke(DirectMethodHandleAccessor.java:104)\r\n\tat java.base/java.lang.reflect.Method.invoke(Method.java:578)\r\n\tat cucumber.runtime.Utils$1.call(Utils.java:26)\r\n\tat cucumber.runtime.Timeout.timeout(Timeout.java:16)\r\n\tat cucumber.runtime.Utils.invoke(Utils.java:20)\r\n\tat cucumber.runtime.java.JavaHookDefinition.execute(JavaHookDefinition.java:60)\r\n\tat cucumber.runner.HookDefinitionMatch.runStep(HookDefinitionMatch.java:16)\r\n\tat cucumber.runner.TestStep.executeStep(TestStep.java:63)\r\n\tat cucumber.runner.TestStep.run(TestStep.java:49)\r\n\tat cucumber.runner.TestCase.run(TestCase.java:40)\r\n\tat cucumber.runner.Runner.runPickle(Runner.java:40)\r\n\tat cucumber.runtime.junit.PickleRunners$NoStepDescriptions.run(PickleRunners.java:146)\r\n\tat cucumber.runtime.junit.FeatureRunner.runChild(FeatureRunner.java:68)\r\n\tat cucumber.runtime.junit.FeatureRunner.runChild(FeatureRunner.java:23)\r\n\tat org.junit.runners.ParentRunner$3.run(ParentRunner.java:290)\r\n\tat org.junit.runners.ParentRunner$1.schedule(ParentRunner.java:71)\r\n\tat org.junit.runners.ParentRunner.runChildren(ParentRunner.java:288)\r\n\tat org.junit.runners.ParentRunner.access$000(ParentRunner.java:58)\r\n\tat org.junit.runners.ParentRunner$2.evaluate(ParentRunner.java:268)\r\n\tat org.junit.runners.ParentRunner.run(ParentRunner.java:363)\r\n\tat cucumber.runtime.junit.FeatureRunner.run(FeatureRunner.java:73)\r\n\tat cucumber.api.junit.Cucumber.runChild(Cucumber.java:124)\r\n\tat cucumber.api.junit.Cucumber.runChild(Cucumber.java:65)\r\n\tat org.junit.runners.ParentRunner$3.run(ParentRunner.java:290)\r\n\tat org.junit.runners.ParentRunner$1.schedule(ParentRunner.java:71)\r\n\tat org.junit.runners.ParentRunner.runChildren(ParentRunner.java:288)\r\n\tat org.junit.runners.ParentRunner.access$000(ParentRunner.java:58)\r\n\tat org.junit.runners.ParentRunner$2.evaluate(ParentRunner.java:268)\r\n\tat cucumber.api.junit.Cucumber$1.evaluate(Cucumber.java:133)\r\n\tat org.junit.internal.runners.statements.RunAfters.evaluate(RunAfters.java:27)\r\n\tat org.junit.runners.ParentRunner.run(ParentRunner.java:363)\r\n\tat org.eclipse.jdt.internal.junit4.runner.JUnit4TestReference.run(JUnit4TestReference.java:93)\r\n\tat org.eclipse.jdt.internal.junit.runner.TestExecution.run(TestExecution.java:40)\r\n\tat org.eclipse.jdt.internal.junit.runner.RemoteTestRunner.runTests(RemoteTestRunner.java:529)\r\n\tat org.eclipse.jdt.internal.junit.runner.RemoteTestRunner.runTests(RemoteTestRunner.java:756)\r\n\tat org.eclipse.jdt.internal.junit.runner.RemoteTestRunner.run(RemoteTestRunner.java:452)\r\n\tat org.eclipse.jdt.internal.junit.runner.RemoteTestRunner.main(RemoteTestRunner.java:210)\r\n",
              "duration": 19997739000,
              "status": "failed"
            },
            "match": {
              "location": "Hooks.bef()"
            }
          },
          {
            "result": {
              "duration": 1003100,
              "status": "passed"
            },
            "match": {
              "location": "Hooks.bf1()"
            }
          },
          {
            "result": {
              "duration": 548300,
              "status": "passed"
            },
            "match": {
              "location": "Hooks.bf2()"
            }
          },
          {
            "result": {
              "duration": 419900,
              "status": "passed"
            },
            "match": {
              "location": "Hooks.bf3()"
            }
          }
        ],
        "line": 7,
        "name": "To login by using valid username and valid password",
        "description": "",
        "id": "to-validate-the-login-functionality-of-facebook-application;to-login-by-using-valid-username-and-valid-password",
        "after": [
          {
            "result": {
              "duration": 1237500,
              "status": "passed"
            },
            "match": {
              "location": "Hooks.aft()"
            }
          },
          {
            "result": {
              "duration": 5747300,
              "status": "passed"
            },
            "match": {
              "location": "Hooks.af1()"
            }
          },
          {
            "result": {
              "duration": 3685100,
              "status": "passed"
            },
            "match": {
              "location": "Hooks.af2()"
            }
          },
          {
            "result": {
              "duration": 1467300,
              "status": "passed"
            },
            "match": {
              "location": "Hooks.af3()"
            }
          }
        ],
        "type": "scenario",
        "keyword": "Scenario",
        "steps": [
          {
            "result": {
              "duration": 17000,
              "status": "skipped"
            },
            "line": 8,
            "name": "User have to enter the valid email amd valid password",
            "match": {
              "location": "StepDefnition.user_have_to_enter_the_valid_email_amd_valid_password()"
            },
            "keyword": "When "
          },
          {
            "result": {
              "duration": 11100,
              "status": "skipped"
            },
            "line": 9,
            "name": "User have to click the login button",
            "match": {
              "location": "StepDefnition.user_have_to_click_the_login_button()"
            },
            "keyword": "And "
          },
          {
            "result": {
              "duration": 10000,
              "status": "skipped"
            },
            "line": 10,
            "name": "User have to clase the browser",
            "match": {
              "location": "StepDefnition.user_have_to_clase_the_browser()"
            },
            "keyword": "Then "
          }
        ],
        "tags": [
          {
            "name": "@white"
          },
          {
            "name": "@like"
          }
        ]
      },
      {
        "line": 4,
        "name": "",
        "description": "",
        "type": "background",
        "keyword": "Background",
        "steps": [
          {
            "result": {
              "duration": 27795254500,
              "status": "passed"
            },
            "line": 5,
            "name": "User have to launch the browser and url",
            "match": {
              "location": "StepDefnition.user_have_to_launch_the_browser_and_url()"
            },
            "keyword": "Given "
          }
        ]
      },
      {
        "before": [
          {
            "result": {
              "duration": 11604395400,
              "status": "passed"
            },
            "match": {
              "location": "Hooks.bef()"
            }
          },
          {
            "result": {
              "duration": 261400,
              "status": "passed"
            },
            "match": {
              "location": "Hooks.bf1()"
            }
          },
          {
            "result": {
              "duration": 112800,
              "status": "passed"
            },
            "match": {
              "location": "Hooks.bf3()"
            }
          }
        ],
        "line": 21,
        "name": "To login Facebook by valid username and invalid password",
        "description": "",
        "id": "to-validate-the-login-functionality-of-facebook-application;to-login-facebook-by-valid-username-and-invalid-password;;2",
        "after": [
          {
            "result": {
              "duration": 169900,
              "status": "passed"
            },
            "match": {
              "location": "Hooks.aft()"
            }
          },
          {
            "result": {
              "duration": 141800,
              "status": "passed"
            },
            "match": {
              "location": "Hooks.af1()"
            }
          },
          {
            "result": {
              "duration": 70100,
              "status": "passed"
            },
            "match": {
              "location": "Hooks.af2()"
            }
          },
          {
            "result": {
              "duration": 57900,
              "status": "passed"
            },
            "match": {
              "location": "Hooks.af3()"
            }
          }
        ],
        "type": "scenario",
        "keyword": "Scenario Outline",
        "steps": [
          {
            "result": {
              "duration": 800838400,
              "status": "passed"
            },
            "line": 14,
            "name": "User have to enter the valid \"\u003cusername\u003e\" and invalid \"tat456\"",
            "match": {
              "arguments": [
                {
                  "val": "\"\u003cusername\u003e\"",
                  "offset": 29
                },
                {
                  "val": "\"tat456\"",
                  "offset": 54
                }
              ],
              "location": "StepDefnition.user_have_to_enter_the_valid_and_invalid(String,String)"
            },
            "keyword": "When "
          },
          {
            "result": {
              "duration": 6670707000,
              "status": "passed"
            },
            "line": 15,
            "name": "User have to click the login button",
            "match": {
              "location": "StepDefnition.user_have_to_click_the_login_button()"
            },
            "keyword": "And "
          },
          {
            "result": {
              "duration": 963761500,
              "status": "passed"
            },
            "line": 16,
            "name": "User have to close the browser",
            "match": {
              "location": "StepDefnition.user_have_to_close_the_browser()"
            },
            "keyword": "Then "
          }
        ],
        "tags": [
          {
            "name": "@white"
          },
          {
            "name": "@close"
          }
        ]
      },
      {
        "line": 4,
        "name": "",
        "description": "",
        "type": "background",
        "keyword": "Background",
        "steps": [
          {
            "result": {
              "duration": 12700,
              "status": "skipped"
            },
            "line": 5,
            "name": "User have to launch the browser and url",
            "match": {
              "location": "StepDefnition.user_have_to_launch_the_browser_and_url()"
            },
            "keyword": "Given "
          }
        ]
      },
      {
        "before": [
          {
            "result": {
              "error_message": "org.openqa.selenium.WebDriverException: unknown error: net::ERR_CONNECTION_RESET\n  (Session info: chrome\u003d107.0.5304.107)\nBuild info: version: \u00273.141.59\u0027, revision: \u0027e82be7d358\u0027, time: \u00272018-11-14T08:17:03\u0027\nSystem info: host: \u0027DESKTOP-FE9B68H\u0027, ip: \u0027192.168.167.48\u0027, os.name: \u0027Windows 10\u0027, os.arch: \u0027amd64\u0027, os.version: \u002710.0\u0027, java.version: \u002719.0.1\u0027\nDriver info: org.openqa.selenium.chrome.ChromeDriver\nCapabilities {acceptInsecureCerts: false, browserName: chrome, browserVersion: 107.0.5304.107, chrome: {chromedriverVersion: 107.0.5304.62 (1eec40d3a576..., userDataDir: C:\\Users\\Lenovo\\AppData\\Loc...}, goog:chromeOptions: {debuggerAddress: localhost:54108}, javascriptEnabled: true, networkConnectionEnabled: false, pageLoadStrategy: normal, platform: WINDOWS, platformName: WINDOWS, proxy: Proxy(), setWindowRect: true, strictFileInteractability: false, timeouts: {implicit: 0, pageLoad: 300000, script: 30000}, unhandledPromptBehavior: dismiss and notify, webauthn:extension:credBlob: true, webauthn:extension:largeBlob: true, webauthn:virtualAuthenticators: true}\nSession ID: e17dbd6f703e12ecc398a52c3a49f9d4\r\n\tat java.base/jdk.internal.reflect.DirectConstructorHandleAccessor.newInstance(DirectConstructorHandleAccessor.java:67)\r\n\tat java.base/java.lang.reflect.Constructor.newInstanceWithCaller(Constructor.java:500)\r\n\tat java.base/java.lang.reflect.Constructor.newInstance(Constructor.java:484)\r\n\tat org.openqa.selenium.remote.http.W3CHttpResponseCodec.createException(W3CHttpResponseCodec.java:187)\r\n\tat org.openqa.selenium.remote.http.W3CHttpResponseCodec.decode(W3CHttpResponseCodec.java:122)\r\n\tat org.openqa.selenium.remote.http.W3CHttpResponseCodec.decode(W3CHttpResponseCodec.java:49)\r\n\tat org.openqa.selenium.remote.HttpCommandExecutor.execute(HttpCommandExecutor.java:158)\r\n\tat org.openqa.selenium.remote.service.DriverCommandExecutor.execute(DriverCommandExecutor.java:83)\r\n\tat org.openqa.selenium.remote.RemoteWebDriver.execute(RemoteWebDriver.java:552)\r\n\tat org.openqa.selenium.remote.RemoteWebDriver.get(RemoteWebDriver.java:277)\r\n\tat org.stepdefnition.Hooks.bef(Hooks.java:18)\r\n\tat java.base/jdk.internal.reflect.DirectMethodHandleAccessor.invoke(DirectMethodHandleAccessor.java:104)\r\n\tat java.base/java.lang.reflect.Method.invoke(Method.java:578)\r\n\tat cucumber.runtime.Utils$1.call(Utils.java:26)\r\n\tat cucumber.runtime.Timeout.timeout(Timeout.java:16)\r\n\tat cucumber.runtime.Utils.invoke(Utils.java:20)\r\n\tat cucumber.runtime.java.JavaHookDefinition.execute(JavaHookDefinition.java:60)\r\n\tat cucumber.runner.HookDefinitionMatch.runStep(HookDefinitionMatch.java:16)\r\n\tat cucumber.runner.TestStep.executeStep(TestStep.java:63)\r\n\tat cucumber.runner.TestStep.run(TestStep.java:49)\r\n\tat cucumber.runner.TestCase.run(TestCase.java:40)\r\n\tat cucumber.runner.Runner.runPickle(Runner.java:40)\r\n\tat cucumber.runtime.junit.PickleRunners$NoStepDescriptions.run(PickleRunners.java:146)\r\n\tat cucumber.runtime.junit.FeatureRunner.runChild(FeatureRunner.java:68)\r\n\tat cucumber.runtime.junit.FeatureRunner.runChild(FeatureRunner.java:23)\r\n\tat org.junit.runners.ParentRunner$3.run(ParentRunner.java:290)\r\n\tat org.junit.runners.ParentRunner$1.schedule(ParentRunner.java:71)\r\n\tat org.junit.runners.ParentRunner.runChildren(ParentRunner.java:288)\r\n\tat org.junit.runners.ParentRunner.access$000(ParentRunner.java:58)\r\n\tat org.junit.runners.ParentRunner$2.evaluate(ParentRunner.java:268)\r\n\tat org.junit.runners.ParentRunner.run(ParentRunner.java:363)\r\n\tat cucumber.runtime.junit.FeatureRunner.run(FeatureRunner.java:73)\r\n\tat cucumber.api.junit.Cucumber.runChild(Cucumber.java:124)\r\n\tat cucumber.api.junit.Cucumber.runChild(Cucumber.java:65)\r\n\tat org.junit.runners.ParentRunner$3.run(ParentRunner.java:290)\r\n\tat org.junit.runners.ParentRunner$1.schedule(ParentRunner.java:71)\r\n\tat org.junit.runners.ParentRunner.runChildren(ParentRunner.java:288)\r\n\tat org.junit.runners.ParentRunner.access$000(ParentRunner.java:58)\r\n\tat org.junit.runners.ParentRunner$2.evaluate(ParentRunner.java:268)\r\n\tat cucumber.api.junit.Cucumber$1.evaluate(Cucumber.java:133)\r\n\tat org.junit.internal.runners.statements.RunAfters.evaluate(RunAfters.java:27)\r\n\tat org.junit.runners.ParentRunner.run(ParentRunner.java:363)\r\n\tat org.eclipse.jdt.internal.junit4.runner.JUnit4TestReference.run(JUnit4TestReference.java:93)\r\n\tat org.eclipse.jdt.internal.junit.runner.TestExecution.run(TestExecution.java:40)\r\n\tat org.eclipse.jdt.internal.junit.runner.RemoteTestRunner.runTests(RemoteTestRunner.java:529)\r\n\tat org.eclipse.jdt.internal.junit.runner.RemoteTestRunner.runTests(RemoteTestRunner.java:756)\r\n\tat org.eclipse.jdt.internal.junit.runner.RemoteTestRunner.run(RemoteTestRunner.java:452)\r\n\tat org.eclipse.jdt.internal.junit.runner.RemoteTestRunner.main(RemoteTestRunner.java:210)\r\n",
              "duration": 15215747700,
              "status": "failed"
            },
            "match": {
              "location": "Hooks.bef()"
            }
          },
          {
            "result": {
              "duration": 202200,
              "status": "passed"
            },
            "match": {
              "location": "Hooks.bf1()"
            }
          },
          {
            "result": {
              "duration": 74000,
              "status": "passed"
            },
            "match": {
              "location": "Hooks.bf3()"
            }
          }
        ],
        "line": 22,
        "name": "To login Facebook by valid username and invalid password",
        "description": "",
        "id": "to-validate-the-login-functionality-of-facebook-application;to-login-facebook-by-valid-username-and-invalid-password;;3",
        "after": [
          {
            "result": {
              "duration": 98400,
              "status": "passed"
            },
            "match": {
              "location": "Hooks.aft()"
            }
          },
          {
            "result": {
              "duration": 62700,
              "status": "passed"
            },
            "match": {
              "location": "Hooks.af1()"
            }
          },
          {
            "result": {
              "duration": 55700,
              "status": "passed"
            },
            "match": {
              "location": "Hooks.af2()"
            }
          },
          {
            "result": {
              "duration": 52600,
              "status": "passed"
            },
            "match": {
              "location": "Hooks.af3()"
            }
          }
        ],
        "type": "scenario",
        "keyword": "Scenario Outline",
        "steps": [
          {
            "result": {
              "duration": 9000,
              "status": "skipped"
            },
            "line": 14,
            "name": "User have to enter the valid \"\u003cusername\u003e\" and invalid \"poy789\"",
            "match": {
              "arguments": [
                {
                  "val": "\"\u003cusername\u003e\"",
                  "offset": 29
                },
                {
                  "val": "\"poy789\"",
                  "offset": 54
                }
              ],
              "location": "StepDefnition.user_have_to_enter_the_valid_and_invalid(String,String)"
            },
            "keyword": "When "
          },
          {
            "result": {
              "duration": 9000,
              "status": "skipped"
            },
            "line": 15,
            "name": "User have to click the login button",
            "match": {
              "location": "StepDefnition.user_have_to_click_the_login_button()"
            },
            "keyword": "And "
          },
          {
            "result": {
              "duration": 10200,
              "status": "skipped"
            },
            "line": 16,
            "name": "User have to close the browser",
            "match": {
              "location": "StepDefnition.user_have_to_close_the_browser()"
            },
            "keyword": "Then "
          }
        ],
        "tags": [
          {
            "name": "@white"
          },
          {
            "name": "@close"
          }
        ]
      },
      {
        "line": 4,
        "name": "",
        "description": "",
        "type": "background",
        "keyword": "Background",
        "steps": [
          {
            "result": {
              "error_message": "org.openqa.selenium.WebDriverException: unknown error: net::ERR_CONNECTION_RESET\n  (Session info: chrome\u003d107.0.5304.107)\nBuild info: version: \u00273.141.59\u0027, revision: \u0027e82be7d358\u0027, time: \u00272018-11-14T08:17:03\u0027\nSystem info: host: \u0027DESKTOP-FE9B68H\u0027, ip: \u0027192.168.167.48\u0027, os.name: \u0027Windows 10\u0027, os.arch: \u0027amd64\u0027, os.version: \u002710.0\u0027, java.version: \u002719.0.1\u0027\nDriver info: org.openqa.selenium.chrome.ChromeDriver\nCapabilities {acceptInsecureCerts: false, browserName: chrome, browserVersion: 107.0.5304.107, chrome: {chromedriverVersion: 107.0.5304.62 (1eec40d3a576..., userDataDir: C:\\Users\\Lenovo\\AppData\\Loc...}, goog:chromeOptions: {debuggerAddress: localhost:53186}, javascriptEnabled: true, networkConnectionEnabled: false, pageLoadStrategy: normal, platform: WINDOWS, platformName: WINDOWS, proxy: Proxy(), setWindowRect: true, strictFileInteractability: false, timeouts: {implicit: 0, pageLoad: 300000, script: 30000}, unhandledPromptBehavior: dismiss and notify, webauthn:extension:credBlob: true, webauthn:extension:largeBlob: true, webauthn:virtualAuthenticators: true}\nSession ID: 554f39d4f95e213316b0481f3177538f\r\n\tat java.base/jdk.internal.reflect.DirectConstructorHandleAccessor.newInstance(DirectConstructorHandleAccessor.java:67)\r\n\tat java.base/java.lang.reflect.Constructor.newInstanceWithCaller(Constructor.java:500)\r\n\tat java.base/java.lang.reflect.Constructor.newInstance(Constructor.java:484)\r\n\tat org.openqa.selenium.remote.http.W3CHttpResponseCodec.createException(W3CHttpResponseCodec.java:187)\r\n\tat org.openqa.selenium.remote.http.W3CHttpResponseCodec.decode(W3CHttpResponseCodec.java:122)\r\n\tat org.openqa.selenium.remote.http.W3CHttpResponseCodec.decode(W3CHttpResponseCodec.java:49)\r\n\tat org.openqa.selenium.remote.HttpCommandExecutor.execute(HttpCommandExecutor.java:158)\r\n\tat org.openqa.selenium.remote.service.DriverCommandExecutor.execute(DriverCommandExecutor.java:83)\r\n\tat org.openqa.selenium.remote.RemoteWebDriver.execute(RemoteWebDriver.java:552)\r\n\tat org.openqa.selenium.remote.RemoteWebDriver.get(RemoteWebDriver.java:277)\r\n\tat org.samples.BaseClass.LaunchUrl(BaseClass.java:56)\r\n\tat org.stepdefnition.StepDefnition.user_have_to_launch_the_browser_and_url(StepDefnition.java:20)\r\n\tat âœ½.User have to launch the browser and url(src/test/resources/Feature/login.feature:5)\r\n",
              "duration": 14959966300,
              "status": "failed"
            },
            "line": 5,
            "name": "User have to launch the browser and url",
            "match": {
              "location": "StepDefnition.user_have_to_launch_the_browser_and_url()"
            },
            "keyword": "Given "
          }
        ]
      },
      {
        "before": [
          {
            "result": {
              "duration": 22504991000,
              "status": "passed"
            },
            "match": {
              "location": "Hooks.bef()"
            }
          },
          {
            "result": {
              "duration": 281800,
              "status": "passed"
            },
            "match": {
              "location": "Hooks.bf1()"
            }
          },
          {
            "result": {
              "duration": 79500,
              "status": "passed"
            },
            "match": {
              "location": "Hooks.bf3()"
            }
          }
        ],
        "line": 23,
        "name": "To login Facebook by valid username and invalid password",
        "description": "",
        "id": "to-validate-the-login-functionality-of-facebook-application;to-login-facebook-by-valid-username-and-invalid-password;;4",
        "after": [
          {
            "result": {
              "duration": 196900,
              "status": "passed"
            },
            "match": {
              "location": "Hooks.aft()"
            }
          },
          {
            "result": {
              "duration": 61300,
              "status": "passed"
            },
            "match": {
              "location": "Hooks.af1()"
            }
          },
          {
            "result": {
              "duration": 50700,
              "status": "passed"
            },
            "match": {
              "location": "Hooks.af2()"
            }
          },
          {
            "result": {
              "duration": 51900,
              "status": "passed"
            },
            "match": {
              "location": "Hooks.af3()"
            }
          }
        ],
        "type": "scenario",
        "keyword": "Scenario Outline",
        "steps": [
          {
            "result": {
              "duration": 14400,
              "status": "skipped"
            },
            "line": 14,
            "name": "User have to enter the valid \"\u003cusername\u003e\" and invalid \"toy675\"",
            "match": {
              "arguments": [
                {
                  "val": "\"\u003cusername\u003e\"",
                  "offset": 29
                },
                {
                  "val": "\"toy675\"",
                  "offset": 54
                }
              ],
              "location": "StepDefnition.user_have_to_enter_the_valid_and_invalid(String,String)"
            },
            "keyword": "When "
          },
          {
            "result": {
              "duration": 9000,
              "status": "skipped"
            },
            "line": 15,
            "name": "User have to click the login button",
            "match": {
              "location": "StepDefnition.user_have_to_click_the_login_button()"
            },
            "keyword": "And "
          },
          {
            "result": {
              "duration": 8400,
              "status": "skipped"
            },
            "line": 16,
            "name": "User have to close the browser",
            "match": {
              "location": "StepDefnition.user_have_to_close_the_browser()"
            },
            "keyword": "Then "
          }
        ],
        "tags": [
          {
            "name": "@white"
          },
          {
            "name": "@close"
          }
        ]
      }
    ],
    "name": "To validate the login functionality of facebook Application",
    "description": "",
    "id": "to-validate-the-login-functionality-of-facebook-application",
    "keyword": "Feature",
    "uri": "src/test/resources/Feature/login.feature",
    "tags": [
      {
        "name": "@white",
        "type": "Tag",
        "location": {
          "line": 1,
          "column": 1
        }
      }
    ]
  }
]